<?xml version="1.0" encoding="UTF-8"?>
<testng-results ignored="0" total="2" passed="2" failed="0" skipped="0">
  <reporter-output>
    <line>
      <![CDATA[openBrowser]]>
    </line>
    <line>
      <![CDATA[login]]>
    </line>
    <line>
      <![CDATA[verifyLoginPage]]>
    </line>
    <line>
      <![CDATA[]]>
    </line>
    <line>
      <![CDATA[logout]]>
    </line>
    <line>
      <![CDATA[closeBrowser]]>
    </line>
    <line>
      <![CDATA[openBrowser]]>
    </line>
    <line>
      <![CDATA[login]]>
    </line>
    <line>
      <![CDATA[verifyLoginPage]]>
    </line>
    <line>
      <![CDATA[]]>
    </line>
    <line>
      <![CDATA[logout]]>
    </line>
    <line>
      <![CDATA[closeBrowser]]>
    </line>
  </reporter-output>
  <suite started-at="2024-03-14T11:42:39 IST" name="Suite" finished-at="2024-03-14T11:43:46 IST" duration-ms="67449">
    <groups>
    </groups>
    <test started-at="2024-03-14T11:42:39 IST" name="Test1" finished-at="2024-03-14T11:43:14 IST" duration-ms="35104">
      <class name="com.linkedin.testscript.LoginPage">
        <test-method is-config="true" signature="openBrowser(java.lang.String)[pri:0, instance:com.linkedin.testscript.LoginPage@515aebb0]" started-at="2024-03-14T11:42:39 IST" name="openBrowser" finished-at="2024-03-14T11:42:43 IST" duration-ms="3990" status="PASS">
          <params>
            <param index="0">
              <value>
                <![CDATA[chrome]]>
              </value>
            </param>
          </params>
          <reporter-output>
            <line>
              <![CDATA[openBrowser]]>
            </line>
          </reporter-output>
        </test-method> <!-- openBrowser -->
        <test-method is-config="true" signature="login()[pri:0, instance:com.linkedin.testscript.LoginPage@515aebb0]" started-at="2024-03-14T11:42:43 IST" name="login" finished-at="2024-03-14T11:42:52 IST" duration-ms="9412" status="PASS">
          <reporter-output>
            <line>
              <![CDATA[login]]>
            </line>
          </reporter-output>
        </test-method> <!-- login -->
        <test-method signature="verifyLoginPage()[pri:0, instance:com.linkedin.testscript.LoginPage@515aebb0]" started-at="2024-03-14T11:42:52 IST" name="verifyLoginPage" finished-at="2024-03-14T11:43:13 IST" duration-ms="20791" status="PASS">
          <reporter-output>
            <line>
              <![CDATA[verifyLoginPage]]>
            </line>
            <line>
              <![CDATA[]]>
            </line>
          </reporter-output>
        </test-method> <!-- verifyLoginPage -->
        <test-method is-config="true" signature="logout()[pri:0, instance:com.linkedin.testscript.LoginPage@515aebb0]" started-at="2024-03-14T11:43:13 IST" name="logout" finished-at="2024-03-14T11:43:13 IST" duration-ms="350" status="PASS">
          <reporter-output>
            <line>
              <![CDATA[logout]]>
            </line>
          </reporter-output>
        </test-method> <!-- logout -->
        <test-method is-config="true" signature="closeBrowser()[pri:0, instance:com.linkedin.testscript.LoginPage@515aebb0]" started-at="2024-03-14T11:43:13 IST" name="closeBrowser" finished-at="2024-03-14T11:43:14 IST" duration-ms="450" status="PASS">
          <reporter-output>
            <line>
              <![CDATA[closeBrowser]]>
            </line>
          </reporter-output>
        </test-method> <!-- closeBrowser -->
      </class> <!-- com.linkedin.testscript.LoginPage -->
    </test> <!-- Test1 -->
    <test started-at="2024-03-14T11:43:14 IST" name="Test2" finished-at="2024-03-14T11:43:46 IST" duration-ms="32209">
      <class name="com.linkedin.testscript.LoginPage">
        <test-method is-config="true" signature="openBrowser(java.lang.String)[pri:0, instance:com.linkedin.testscript.LoginPage@313ac989]" started-at="2024-03-14T11:43:14 IST" name="openBrowser" finished-at="2024-03-14T11:43:19 IST" duration-ms="5274" status="PASS">
          <params>
            <param index="0">
              <value>
                <![CDATA[firefox]]>
              </value>
            </param>
          </params>
          <reporter-output>
            <line>
              <![CDATA[openBrowser]]>
            </line>
          </reporter-output>
        </test-method> <!-- openBrowser -->
        <test-method is-config="true" signature="login()[pri:0, instance:com.linkedin.testscript.LoginPage@313ac989]" started-at="2024-03-14T11:43:19 IST" name="login" finished-at="2024-03-14T11:43:25 IST" duration-ms="5260" status="PASS">
          <reporter-output>
            <line>
              <![CDATA[login]]>
            </line>
          </reporter-output>
        </test-method> <!-- login -->
        <test-method signature="verifyLoginPage()[pri:0, instance:com.linkedin.testscript.LoginPage@313ac989]" started-at="2024-03-14T11:43:25 IST" name="verifyLoginPage" finished-at="2024-03-14T11:43:45 IST" duration-ms="20078" status="PASS">
          <reporter-output>
            <line>
              <![CDATA[verifyLoginPage]]>
            </line>
            <line>
              <![CDATA[]]>
            </line>
          </reporter-output>
        </test-method> <!-- verifyLoginPage -->
        <test-method is-config="true" signature="logout()[pri:0, instance:com.linkedin.testscript.LoginPage@313ac989]" started-at="2024-03-14T11:43:45 IST" name="logout" finished-at="2024-03-14T11:43:45 IST" duration-ms="257" status="PASS">
          <reporter-output>
            <line>
              <![CDATA[logout]]>
            </line>
          </reporter-output>
        </test-method> <!-- logout -->
        <test-method is-config="true" signature="closeBrowser()[pri:0, instance:com.linkedin.testscript.LoginPage@313ac989]" started-at="2024-03-14T11:43:45 IST" name="closeBrowser" finished-at="2024-03-14T11:43:46 IST" duration-ms="1322" status="FAIL">
          <exception class="org.openqa.selenium.NoSuchSessionException">
            <message>
              <![CDATA[Tried to run command without establishing a connection
Build info: version: '4.12.0', revision: '249f2a7d1b*'
System info: os.name: 'Windows 10', os.arch: 'amd64', os.version: '10.0', java.version: '19.0.1'
Driver info: org.openqa.selenium.firefox.FirefoxDriver
Command: [9d1fbba3-2c1b-4b4b-a116-755c7c297ce3, quit {}]
Capabilities {acceptInsecureCerts: true, browserName: firefox, browserVersion: 123.0.1, moz:accessibilityChecks: false, moz:buildID: 20240304104836, moz:debuggerAddress: 127.0.0.1:11848, moz:geckodriverVersion: 0.34.0, moz:headless: false, moz:platformVersion: 10.0, moz:processID: 21172, moz:profile: C:\Users\Lenovo\AppData\Loc..., moz:shutdownTimeout: 60000, moz:webdriverClick: true, moz:windowless: false, pageLoadStrategy: normal, platformName: windows, proxy: Proxy(), se:cdp: ws://127.0.0.1:11848/devtoo..., se:cdpVersion: 85.0, setWindowRect: true, strictFileInteractability: false, timeouts: {implicit: 0, pageLoad: 300000, script: 30000}, unhandledPromptBehavior: dismiss and notify}
Session ID: 9d1fbba3-2c1b-4b4b-a116-755c7c297ce3]]>
            </message>
            <full-stacktrace>
              <![CDATA[org.openqa.selenium.NoSuchSessionException: Tried to run command without establishing a connection
Build info: version: '4.12.0', revision: '249f2a7d1b*'
System info: os.name: 'Windows 10', os.arch: 'amd64', os.version: '10.0', java.version: '19.0.1'
Driver info: org.openqa.selenium.firefox.FirefoxDriver
Command: [9d1fbba3-2c1b-4b4b-a116-755c7c297ce3, quit {}]
Capabilities {acceptInsecureCerts: true, browserName: firefox, browserVersion: 123.0.1, moz:accessibilityChecks: false, moz:buildID: 20240304104836, moz:debuggerAddress: 127.0.0.1:11848, moz:geckodriverVersion: 0.34.0, moz:headless: false, moz:platformVersion: 10.0, moz:processID: 21172, moz:profile: C:\Users\Lenovo\AppData\Loc..., moz:shutdownTimeout: 60000, moz:webdriverClick: true, moz:windowless: false, pageLoadStrategy: normal, platformName: windows, proxy: Proxy(), se:cdp: ws://127.0.0.1:11848/devtoo..., se:cdpVersion: 85.0, setWindowRect: true, strictFileInteractability: false, timeouts: {implicit: 0, pageLoad: 300000, script: 30000}, unhandledPromptBehavior: dismiss and notify}
Session ID: 9d1fbba3-2c1b-4b4b-a116-755c7c297ce3
at java.base/jdk.internal.reflect.DirectConstructorHandleAccessor.newInstance(DirectConstructorHandleAccessor.java:67)
at java.base/java.lang.reflect.Constructor.newInstanceWithCaller(Constructor.java:500)
at java.base/java.lang.reflect.Constructor.newInstance(Constructor.java:484)
at org.openqa.selenium.remote.codec.w3c.W3CHttpResponseCodec.createException(W3CHttpResponseCodec.java:200)
at org.openqa.selenium.remote.codec.w3c.W3CHttpResponseCodec.decode(W3CHttpResponseCodec.java:133)
at org.openqa.selenium.remote.codec.w3c.W3CHttpResponseCodec.decode(W3CHttpResponseCodec.java:52)
at org.openqa.selenium.remote.HttpCommandExecutor.execute(HttpCommandExecutor.java:191)
at org.openqa.selenium.remote.service.DriverCommandExecutor.invokeExecute(DriverCommandExecutor.java:196)
at org.openqa.selenium.remote.service.DriverCommandExecutor.lambda$execute$1(DriverCommandExecutor.java:128)
at java.base/java.util.concurrent.CompletableFuture$AsyncSupply.run(CompletableFuture.java:1768)
at java.base/java.util.concurrent.ThreadPoolExecutor.runWorker(ThreadPoolExecutor.java:1144)
at java.base/java.util.concurrent.ThreadPoolExecutor$Worker.run(ThreadPoolExecutor.java:642)
at java.base/java.lang.Thread.run(Thread.java:1589)
]]>
            </full-stacktrace>
          </exception> <!-- org.openqa.selenium.NoSuchSessionException -->
          <reporter-output>
            <line>
              <![CDATA[closeBrowser]]>
            </line>
          </reporter-output>
        </test-method> <!-- closeBrowser -->
      </class> <!-- com.linkedin.testscript.LoginPage -->
    </test> <!-- Test2 -->
  </suite> <!-- Suite -->
</testng-results>
