<?xml version="1.0" encoding="UTF-8"?>
<!-- Generated by org.testng.reporters.JUnitXMLReporter -->
<testsuite ignored="4" hostname="DESKTOP-AJLC7JG" failures="0" tests="3" name="Test" time="57.842" errors="0" timestamp="2024-03-14T10:33:43 IST">
  <testcase classname="com.linkedin.testscript.LoginPage" name="verifyLoginPage" time="20.245"/>
  <testcase classname="com.linkedin.testscript.Company" name="verifyCompany" time="6.452"/>
  <testcase classname="com.linkedin.testscript.Person" name="verifyPerson" time="9.452"/>
  <testcase classname="com.linkedin.generic.BaseClass" name="@BeforeTest openBrowser" time="0.0">
    <ignored/>
  </testcase> <!-- @BeforeTest openBrowser -->
  <testcase classname="com.linkedin.generic.BaseClass" name="@BeforeTest openBrowser" time="0.0">
    <ignored/>
  </testcase> <!-- @BeforeTest openBrowser -->
  <testcase classname="com.linkedin.generic.BaseClass" name="@AfterTest closeBrowser" time="0.0">
    <ignored/>
  </testcase> <!-- @AfterTest closeBrowser -->
  <testcase classname="com.linkedin.generic.BaseClass" name="@AfterTest closeBrowser" time="0.0">
    <ignored/>
  </testcase> <!-- @AfterTest closeBrowser -->
</testsuite> <!-- Test -->
